::1 - - [11/Oct/2018:23:07:08 +0000] "GET / HTTP/1.1" 200 5072 "-" "Mozilla/5.0 (Windows NT 10.0; Win64; x64) AppleWebKit/537.36 (KHTML, like Gecko) Chrome/69.0.3497.100 Safari/537.36"
::1 - - [11/Oct/2018:23:07:08 +0000] "GET /srujana.css HTTP/1.1" 404 150 "http://localhost:8081/" "Mozilla/5.0 (Windows NT 10.0; Win64; x64) AppleWebKit/537.36 (KHTML, like Gecko) Chrome/69.0.3497.100 Safari/537.36"
::1 - - [11/Oct/2018:23:07:08 +0000] "GET /srujana.css HTTP/1.1" 404 150 "http://localhost:8081/" "Mozilla/5.0 (Windows NT 10.0; Win64; x64) AppleWebKit/537.36 (KHTML, like Gecko) Chrome/69.0.3497.100 Safari/537.36"
::1 - - [11/Oct/2018:23:07:09 +0000] "GET /favicon.ico HTTP/1.1" 404 150 "http://localhost:8081/" "Mozilla/5.0 (Windows NT 10.0; Win64; x64) AppleWebKit/537.36 (KHTML, like Gecko) Chrome/69.0.3497.100 Safari/537.36"
::1 - - [11/Oct/2018:23:10:14 +0000] "GET / HTTP/1.1" 304 - "-" "Mozilla/5.0 (Windows NT 10.0; Win64; x64) AppleWebKit/537.36 (KHTML, like Gecko) Chrome/69.0.3497.100 Safari/537.36"
::1 - - [11/Oct/2018:23:10:14 +0000] "GET /srujana.css HTTP/1.1" 404 150 "http://localhost:8081/" "Mozilla/5.0 (Windows NT 10.0; Win64; x64) AppleWebKit/537.36 (KHTML, like Gecko) Chrome/69.0.3497.100 Safari/537.36"
::1 - - [11/Oct/2018:23:10:14 +0000] "GET /srujana.css HTTP/1.1" 404 150 "http://localhost:8081/" "Mozilla/5.0 (Windows NT 10.0; Win64; x64) AppleWebKit/537.36 (KHTML, like Gecko) Chrome/69.0.3497.100 Safari/537.36"
::1 - - [11/Oct/2018:23:10:15 +0000] "GET /index HTTP/1.1" 200 5072 "http://localhost:8081/" "Mozilla/5.0 (Windows NT 10.0; Win64; x64) AppleWebKit/537.36 (KHTML, like Gecko) Chrome/69.0.3497.100 Safari/537.36"
::1 - - [11/Oct/2018:23:10:15 +0000] "GET /srujana.css HTTP/1.1" 404 150 "http://localhost:8081/index" "Mozilla/5.0 (Windows NT 10.0; Win64; x64) AppleWebKit/537.36 (KHTML, like Gecko) Chrome/69.0.3497.100 Safari/537.36"
::1 - - [11/Oct/2018:23:10:15 +0000] "GET /srujana.css HTTP/1.1" 404 150 "http://localhost:8081/index" "Mozilla/5.0 (Windows NT 10.0; Win64; x64) AppleWebKit/537.36 (KHTML, like Gecko) Chrome/69.0.3497.100 Safari/537.36"
::1 - - [11/Oct/2018:23:10:16 +0000] "GET /indextictactoe HTTP/1.1" 200 3735 "http://localhost:8081/index" "Mozilla/5.0 (Windows NT 10.0; Win64; x64) AppleWebKit/537.36 (KHTML, like Gecko) Chrome/69.0.3497.100 Safari/537.36"
::1 - - [11/Oct/2018:23:10:16 +0000] "GET /game.js HTTP/1.1" 404 146 "http://localhost:8081/indextictactoe" "Mozilla/5.0 (Windows NT 10.0; Win64; x64) AppleWebKit/537.36 (KHTML, like Gecko) Chrome/69.0.3497.100 Safari/537.36"
::1 - - [11/Oct/2018:23:10:16 +0000] "GET /srujana.css HTTP/1.1" 404 150 "http://localhost:8081/indextictactoe" "Mozilla/5.0 (Windows NT 10.0; Win64; x64) AppleWebKit/537.36 (KHTML, like Gecko) Chrome/69.0.3497.100 Safari/537.36"
::1 - - [11/Oct/2018:23:10:16 +0000] "GET /srujana.css HTTP/1.1" 404 150 "http://localhost:8081/indextictactoe" "Mozilla/5.0 (Windows NT 10.0; Win64; x64) AppleWebKit/537.36 (KHTML, like Gecko) Chrome/69.0.3497.100 Safari/537.36"
::1 - - [11/Oct/2018:23:10:16 +0000] "GET /game.js HTTP/1.1" 404 146 "http://localhost:8081/indextictactoe" "Mozilla/5.0 (Windows NT 10.0; Win64; x64) AppleWebKit/537.36 (KHTML, like Gecko) Chrome/69.0.3497.100 Safari/537.36"
::1 - - [11/Oct/2018:23:10:19 +0000] "GET /Contact HTTP/1.1" 200 4179 "http://localhost:8081/indextictactoe" "Mozilla/5.0 (Windows NT 10.0; Win64; x64) AppleWebKit/537.36 (KHTML, like Gecko) Chrome/69.0.3497.100 Safari/537.36"
::1 - - [11/Oct/2018:23:10:19 +0000] "GET /srujana.css HTTP/1.1" 404 150 "http://localhost:8081/Contact" "Mozilla/5.0 (Windows NT 10.0; Win64; x64) AppleWebKit/537.36 (KHTML, like Gecko) Chrome/69.0.3497.100 Safari/537.36"
::1 - - [11/Oct/2018:23:10:20 +0000] "GET /srujana.css HTTP/1.1" 404 150 "http://localhost:8081/Contact" "Mozilla/5.0 (Windows NT 10.0; Win64; x64) AppleWebKit/537.36 (KHTML, like Gecko) Chrome/69.0.3497.100 Safari/537.36"
::1 - - [11/Oct/2018:23:10:30 +0000] "GET /index HTTP/1.1" 304 - "http://localhost:8081/Contact" "Mozilla/5.0 (Windows NT 10.0; Win64; x64) AppleWebKit/537.36 (KHTML, like Gecko) Chrome/69.0.3497.100 Safari/537.36"
::1 - - [11/Oct/2018:23:10:30 +0000] "GET /srujana.css HTTP/1.1" 404 150 "http://localhost:8081/index" "Mozilla/5.0 (Windows NT 10.0; Win64; x64) AppleWebKit/537.36 (KHTML, like Gecko) Chrome/69.0.3497.100 Safari/537.36"
::1 - - [11/Oct/2018:23:10:30 +0000] "GET /srujana.css HTTP/1.1" 404 150 "http://localhost:8081/index" "Mozilla/5.0 (Windows NT 10.0; Win64; x64) AppleWebKit/537.36 (KHTML, like Gecko) Chrome/69.0.3497.100 Safari/537.36"
::1 - - [11/Oct/2018:23:10:31 +0000] "GET /indextictactoe HTTP/1.1" 304 - "http://localhost:8081/index" "Mozilla/5.0 (Windows NT 10.0; Win64; x64) AppleWebKit/537.36 (KHTML, like Gecko) Chrome/69.0.3497.100 Safari/537.36"
::1 - - [11/Oct/2018:23:10:31 +0000] "GET /srujana.css HTTP/1.1" 404 150 "http://localhost:8081/indextictactoe" "Mozilla/5.0 (Windows NT 10.0; Win64; x64) AppleWebKit/537.36 (KHTML, like Gecko) Chrome/69.0.3497.100 Safari/537.36"
::1 - - [11/Oct/2018:23:10:31 +0000] "GET /game.js HTTP/1.1" 404 146 "http://localhost:8081/indextictactoe" "Mozilla/5.0 (Windows NT 10.0; Win64; x64) AppleWebKit/537.36 (KHTML, like Gecko) Chrome/69.0.3497.100 Safari/537.36"
::1 - - [11/Oct/2018:23:10:31 +0000] "GET /srujana.css HTTP/1.1" 404 150 "http://localhost:8081/indextictactoe" "Mozilla/5.0 (Windows NT 10.0; Win64; x64) AppleWebKit/537.36 (KHTML, like Gecko) Chrome/69.0.3497.100 Safari/537.36"
::1 - - [11/Oct/2018:23:10:31 +0000] "GET /game.js HTTP/1.1" 404 146 "http://localhost:8081/indextictactoe" "Mozilla/5.0 (Windows NT 10.0; Win64; x64) AppleWebKit/537.36 (KHTML, like Gecko) Chrome/69.0.3497.100 Safari/537.36"
::1 - - [11/Oct/2018:23:10:33 +0000] "GET /Contact HTTP/1.1" 304 - "http://localhost:8081/indextictactoe" "Mozilla/5.0 (Windows NT 10.0; Win64; x64) AppleWebKit/537.36 (KHTML, like Gecko) Chrome/69.0.3497.100 Safari/537.36"
::1 - - [11/Oct/2018:23:10:33 +0000] "GET /srujana.css HTTP/1.1" 404 150 "http://localhost:8081/Contact" "Mozilla/5.0 (Windows NT 10.0; Win64; x64) AppleWebKit/537.36 (KHTML, like Gecko) Chrome/69.0.3497.100 Safari/537.36"
::1 - - [11/Oct/2018:23:10:33 +0000] "GET /srujana.css HTTP/1.1" 404 150 "http://localhost:8081/Contact" "Mozilla/5.0 (Windows NT 10.0; Win64; x64) AppleWebKit/537.36 (KHTML, like Gecko) Chrome/69.0.3497.100 Safari/537.36"
::1 - - [11/Oct/2018:23:11:27 +0000] "GET /Contact HTTP/1.1" 304 - "-" "Mozilla/5.0 (Windows NT 10.0; Win64; x64) AppleWebKit/537.36 (KHTML, like Gecko) Chrome/69.0.3497.100 Safari/537.36"
::1 - - [11/Oct/2018:23:11:27 +0000] "GET /srujana.css HTTP/1.1" 404 150 "http://localhost:8081/Contact" "Mozilla/5.0 (Windows NT 10.0; Win64; x64) AppleWebKit/537.36 (KHTML, like Gecko) Chrome/69.0.3497.100 Safari/537.36"
::1 - - [11/Oct/2018:23:11:27 +0000] "GET /srujana.css HTTP/1.1" 404 150 "http://localhost:8081/Contact" "Mozilla/5.0 (Windows NT 10.0; Win64; x64) AppleWebKit/537.36 (KHTML, like Gecko) Chrome/69.0.3497.100 Safari/537.36"
::1 - - [11/Oct/2018:23:12:11 +0000] "GET / HTTP/1.1" 304 - "-" "Mozilla/5.0 (Windows NT 10.0; Win64; x64) AppleWebKit/537.36 (KHTML, like Gecko) Chrome/69.0.3497.100 Safari/537.36"
::1 - - [11/Oct/2018:23:12:11 +0000] "GET /srujana.css HTTP/1.1" 404 150 "http://localhost:8081/" "Mozilla/5.0 (Windows NT 10.0; Win64; x64) AppleWebKit/537.36 (KHTML, like Gecko) Chrome/69.0.3497.100 Safari/537.36"
::1 - - [11/Oct/2018:23:12:11 +0000] "GET /srujana.css HTTP/1.1" 404 150 "http://localhost:8081/" "Mozilla/5.0 (Windows NT 10.0; Win64; x64) AppleWebKit/537.36 (KHTML, like Gecko) Chrome/69.0.3497.100 Safari/537.36"
::1 - - [11/Oct/2018:23:12:14 +0000] "GET /indextictactoe HTTP/1.1" 304 - "http://localhost:8081/" "Mozilla/5.0 (Windows NT 10.0; Win64; x64) AppleWebKit/537.36 (KHTML, like Gecko) Chrome/69.0.3497.100 Safari/537.36"
::1 - - [11/Oct/2018:23:12:14 +0000] "GET /srujana.css HTTP/1.1" 404 150 "http://localhost:8081/indextictactoe" "Mozilla/5.0 (Windows NT 10.0; Win64; x64) AppleWebKit/537.36 (KHTML, like Gecko) Chrome/69.0.3497.100 Safari/537.36"
::1 - - [11/Oct/2018:23:12:14 +0000] "GET /game.js HTTP/1.1" 404 146 "http://localhost:8081/indextictactoe" "Mozilla/5.0 (Windows NT 10.0; Win64; x64) AppleWebKit/537.36 (KHTML, like Gecko) Chrome/69.0.3497.100 Safari/537.36"
::1 - - [11/Oct/2018:23:12:14 +0000] "GET /srujana.css HTTP/1.1" 404 150 "http://localhost:8081/indextictactoe" "Mozilla/5.0 (Windows NT 10.0; Win64; x64) AppleWebKit/537.36 (KHTML, like Gecko) Chrome/69.0.3497.100 Safari/537.36"
::1 - - [11/Oct/2018:23:12:14 +0000] "GET /game.js HTTP/1.1" 404 146 "http://localhost:8081/indextictactoe" "Mozilla/5.0 (Windows NT 10.0; Win64; x64) AppleWebKit/537.36 (KHTML, like Gecko) Chrome/69.0.3497.100 Safari/537.36"
::1 - - [11/Oct/2018:23:12:15 +0000] "GET /Contact HTTP/1.1" 304 - "http://localhost:8081/indextictactoe" "Mozilla/5.0 (Windows NT 10.0; Win64; x64) AppleWebKit/537.36 (KHTML, like Gecko) Chrome/69.0.3497.100 Safari/537.36"
::1 - - [11/Oct/2018:23:12:15 +0000] "GET /srujana.css HTTP/1.1" 404 150 "http://localhost:8081/Contact" "Mozilla/5.0 (Windows NT 10.0; Win64; x64) AppleWebKit/537.36 (KHTML, like Gecko) Chrome/69.0.3497.100 Safari/537.36"
::1 - - [11/Oct/2018:23:12:15 +0000] "GET /srujana.css HTTP/1.1" 404 150 "http://localhost:8081/Contact" "Mozilla/5.0 (Windows NT 10.0; Win64; x64) AppleWebKit/537.36 (KHTML, like Gecko) Chrome/69.0.3497.100 Safari/537.36"
::1 - - [11/Oct/2018:23:12:16 +0000] "GET /index HTTP/1.1" 304 - "http://localhost:8081/Contact" "Mozilla/5.0 (Windows NT 10.0; Win64; x64) AppleWebKit/537.36 (KHTML, like Gecko) Chrome/69.0.3497.100 Safari/537.36"
::1 - - [11/Oct/2018:23:12:16 +0000] "GET /srujana.css HTTP/1.1" 404 150 "http://localhost:8081/index" "Mozilla/5.0 (Windows NT 10.0; Win64; x64) AppleWebKit/537.36 (KHTML, like Gecko) Chrome/69.0.3497.100 Safari/537.36"
::1 - - [11/Oct/2018:23:12:16 +0000] "GET /srujana.css HTTP/1.1" 404 150 "http://localhost:8081/index" "Mozilla/5.0 (Windows NT 10.0; Win64; x64) AppleWebKit/537.36 (KHTML, like Gecko) Chrome/69.0.3497.100 Safari/537.36"
::1 - - [11/Oct/2018:23:13:13 +0000] "GET / HTTP/1.1" 304 - "-" "Mozilla/5.0 (Windows NT 10.0; Win64; x64) AppleWebKit/537.36 (KHTML, like Gecko) Chrome/69.0.3497.100 Safari/537.36"
::1 - - [11/Oct/2018:23:13:13 +0000] "GET /srujana.css HTTP/1.1" 404 150 "http://localhost:8081/" "Mozilla/5.0 (Windows NT 10.0; Win64; x64) AppleWebKit/537.36 (KHTML, like Gecko) Chrome/69.0.3497.100 Safari/537.36"
::1 - - [11/Oct/2018:23:13:13 +0000] "GET /srujana.css HTTP/1.1" 404 150 "http://localhost:8081/" "Mozilla/5.0 (Windows NT 10.0; Win64; x64) AppleWebKit/537.36 (KHTML, like Gecko) Chrome/69.0.3497.100 Safari/537.36"
::1 - - [11/Oct/2018:23:13:15 +0000] "GET /index HTTP/1.1" 304 - "http://localhost:8081/" "Mozilla/5.0 (Windows NT 10.0; Win64; x64) AppleWebKit/537.36 (KHTML, like Gecko) Chrome/69.0.3497.100 Safari/537.36"
::1 - - [11/Oct/2018:23:13:15 +0000] "GET /srujana.css HTTP/1.1" 404 150 "http://localhost:8081/index" "Mozilla/5.0 (Windows NT 10.0; Win64; x64) AppleWebKit/537.36 (KHTML, like Gecko) Chrome/69.0.3497.100 Safari/537.36"
::1 - - [11/Oct/2018:23:13:15 +0000] "GET /srujana.css HTTP/1.1" 404 150 "http://localhost:8081/index" "Mozilla/5.0 (Windows NT 10.0; Win64; x64) AppleWebKit/537.36 (KHTML, like Gecko) Chrome/69.0.3497.100 Safari/537.36"
::1 - - [11/Oct/2018:23:13:16 +0000] "GET /indextictactoe HTTP/1.1" 304 - "http://localhost:8081/index" "Mozilla/5.0 (Windows NT 10.0; Win64; x64) AppleWebKit/537.36 (KHTML, like Gecko) Chrome/69.0.3497.100 Safari/537.36"
::1 - - [11/Oct/2018:23:13:16 +0000] "GET /srujana.css HTTP/1.1" 404 150 "http://localhost:8081/indextictactoe" "Mozilla/5.0 (Windows NT 10.0; Win64; x64) AppleWebKit/537.36 (KHTML, like Gecko) Chrome/69.0.3497.100 Safari/537.36"
::1 - - [11/Oct/2018:23:13:16 +0000] "GET /game.js HTTP/1.1" 404 146 "http://localhost:8081/indextictactoe" "Mozilla/5.0 (Windows NT 10.0; Win64; x64) AppleWebKit/537.36 (KHTML, like Gecko) Chrome/69.0.3497.100 Safari/537.36"
::1 - - [11/Oct/2018:23:13:16 +0000] "GET /srujana.css HTTP/1.1" 404 150 "http://localhost:8081/indextictactoe" "Mozilla/5.0 (Windows NT 10.0; Win64; x64) AppleWebKit/537.36 (KHTML, like Gecko) Chrome/69.0.3497.100 Safari/537.36"
::1 - - [11/Oct/2018:23:13:16 +0000] "GET /game.js HTTP/1.1" 404 146 "http://localhost:8081/indextictactoe" "Mozilla/5.0 (Windows NT 10.0; Win64; x64) AppleWebKit/537.36 (KHTML, like Gecko) Chrome/69.0.3497.100 Safari/537.36"
::1 - - [11/Oct/2018:23:13:17 +0000] "GET /Contact HTTP/1.1" 304 - "http://localhost:8081/indextictactoe" "Mozilla/5.0 (Windows NT 10.0; Win64; x64) AppleWebKit/537.36 (KHTML, like Gecko) Chrome/69.0.3497.100 Safari/537.36"
::1 - - [11/Oct/2018:23:13:17 +0000] "GET /srujana.css HTTP/1.1" 404 150 "http://localhost:8081/Contact" "Mozilla/5.0 (Windows NT 10.0; Win64; x64) AppleWebKit/537.36 (KHTML, like Gecko) Chrome/69.0.3497.100 Safari/537.36"
::1 - - [11/Oct/2018:23:13:17 +0000] "GET /srujana.css HTTP/1.1" 404 150 "http://localhost:8081/Contact" "Mozilla/5.0 (Windows NT 10.0; Win64; x64) AppleWebKit/537.36 (KHTML, like Gecko) Chrome/69.0.3497.100 Safari/537.36"
::1 - - [11/Oct/2018:23:14:07 +0000] "GET /index HTTP/1.1" 304 - "http://localhost:8081/Contact" "Mozilla/5.0 (Windows NT 10.0; Win64; x64) AppleWebKit/537.36 (KHTML, like Gecko) Chrome/69.0.3497.100 Safari/537.36"
::1 - - [11/Oct/2018:23:14:07 +0000] "GET /srujana.css HTTP/1.1" 404 150 "http://localhost:8081/index" "Mozilla/5.0 (Windows NT 10.0; Win64; x64) AppleWebKit/537.36 (KHTML, like Gecko) Chrome/69.0.3497.100 Safari/537.36"
::1 - - [11/Oct/2018:23:14:07 +0000] "GET /srujana.css HTTP/1.1" 404 150 "http://localhost:8081/index" "Mozilla/5.0 (Windows NT 10.0; Win64; x64) AppleWebKit/537.36 (KHTML, like Gecko) Chrome/69.0.3497.100 Safari/537.36"
::1 - - [11/Oct/2018:23:14:49 +0000] "GET /indextictactoe HTTP/1.1" 304 - "http://localhost:8081/index" "Mozilla/5.0 (Windows NT 10.0; Win64; x64) AppleWebKit/537.36 (KHTML, like Gecko) Chrome/69.0.3497.100 Safari/537.36"
::1 - - [11/Oct/2018:23:14:49 +0000] "GET /srujana.css HTTP/1.1" 404 150 "http://localhost:8081/indextictactoe" "Mozilla/5.0 (Windows NT 10.0; Win64; x64) AppleWebKit/537.36 (KHTML, like Gecko) Chrome/69.0.3497.100 Safari/537.36"
::1 - - [11/Oct/2018:23:14:49 +0000] "GET /game.js HTTP/1.1" 404 146 "http://localhost:8081/indextictactoe" "Mozilla/5.0 (Windows NT 10.0; Win64; x64) AppleWebKit/537.36 (KHTML, like Gecko) Chrome/69.0.3497.100 Safari/537.36"
::1 - - [11/Oct/2018:23:14:49 +0000] "GET /srujana.css HTTP/1.1" 404 150 "http://localhost:8081/indextictactoe" "Mozilla/5.0 (Windows NT 10.0; Win64; x64) AppleWebKit/537.36 (KHTML, like Gecko) Chrome/69.0.3497.100 Safari/537.36"
::1 - - [11/Oct/2018:23:14:49 +0000] "GET /game.js HTTP/1.1" 404 146 "http://localhost:8081/indextictactoe" "Mozilla/5.0 (Windows NT 10.0; Win64; x64) AppleWebKit/537.36 (KHTML, like Gecko) Chrome/69.0.3497.100 Safari/537.36"
::1 - - [11/Oct/2018:23:16:22 +0000] "GET /indextictactoe HTTP/1.1" 304 - "http://localhost:8081/indextictactoe" "Mozilla/5.0 (Windows NT 10.0; Win64; x64) AppleWebKit/537.36 (KHTML, like Gecko) Chrome/69.0.3497.100 Safari/537.36"
::1 - - [11/Oct/2018:23:16:22 +0000] "GET /srujana.css HTTP/1.1" 404 150 "http://localhost:8081/indextictactoe" "Mozilla/5.0 (Windows NT 10.0; Win64; x64) AppleWebKit/537.36 (KHTML, like Gecko) Chrome/69.0.3497.100 Safari/537.36"
::1 - - [11/Oct/2018:23:16:22 +0000] "GET /game.js HTTP/1.1" 404 146 "http://localhost:8081/indextictactoe" "Mozilla/5.0 (Windows NT 10.0; Win64; x64) AppleWebKit/537.36 (KHTML, like Gecko) Chrome/69.0.3497.100 Safari/537.36"
::1 - - [11/Oct/2018:23:16:22 +0000] "GET /srujana.css HTTP/1.1" 404 150 "http://localhost:8081/indextictactoe" "Mozilla/5.0 (Windows NT 10.0; Win64; x64) AppleWebKit/537.36 (KHTML, like Gecko) Chrome/69.0.3497.100 Safari/537.36"
::1 - - [11/Oct/2018:23:16:22 +0000] "GET /game.js HTTP/1.1" 404 146 "http://localhost:8081/indextictactoe" "Mozilla/5.0 (Windows NT 10.0; Win64; x64) AppleWebKit/537.36 (KHTML, like Gecko) Chrome/69.0.3497.100 Safari/537.36"
::1 - - [11/Oct/2018:23:16:23 +0000] "GET /Contact HTTP/1.1" 304 - "http://localhost:8081/indextictactoe" "Mozilla/5.0 (Windows NT 10.0; Win64; x64) AppleWebKit/537.36 (KHTML, like Gecko) Chrome/69.0.3497.100 Safari/537.36"
::1 - - [11/Oct/2018:23:16:23 +0000] "GET /srujana.css HTTP/1.1" 404 150 "http://localhost:8081/Contact" "Mozilla/5.0 (Windows NT 10.0; Win64; x64) AppleWebKit/537.36 (KHTML, like Gecko) Chrome/69.0.3497.100 Safari/537.36"
::1 - - [11/Oct/2018:23:16:23 +0000] "GET /srujana.css HTTP/1.1" 404 150 "http://localhost:8081/Contact" "Mozilla/5.0 (Windows NT 10.0; Win64; x64) AppleWebKit/537.36 (KHTML, like Gecko) Chrome/69.0.3497.100 Safari/537.36"
::1 - - [11/Oct/2018:23:16:26 +0000] "GET /index HTTP/1.1" 304 - "http://localhost:8081/Contact" "Mozilla/5.0 (Windows NT 10.0; Win64; x64) AppleWebKit/537.36 (KHTML, like Gecko) Chrome/69.0.3497.100 Safari/537.36"
::1 - - [11/Oct/2018:23:16:26 +0000] "GET /srujana.css HTTP/1.1" 404 150 "http://localhost:8081/index" "Mozilla/5.0 (Windows NT 10.0; Win64; x64) AppleWebKit/537.36 (KHTML, like Gecko) Chrome/69.0.3497.100 Safari/537.36"
::1 - - [11/Oct/2018:23:16:26 +0000] "GET /srujana.css HTTP/1.1" 404 150 "http://localhost:8081/index" "Mozilla/5.0 (Windows NT 10.0; Win64; x64) AppleWebKit/537.36 (KHTML, like Gecko) Chrome/69.0.3497.100 Safari/537.36"
::1 - - [11/Oct/2018:23:19:09 +0000] "GET /indextictactoe HTTP/1.1" 304 - "http://localhost:8081/index" "Mozilla/5.0 (Windows NT 10.0; Win64; x64) AppleWebKit/537.36 (KHTML, like Gecko) Chrome/69.0.3497.100 Safari/537.36"
::1 - - [11/Oct/2018:23:19:09 +0000] "GET /srujana.css HTTP/1.1" 404 150 "http://localhost:8081/indextictactoe" "Mozilla/5.0 (Windows NT 10.0; Win64; x64) AppleWebKit/537.36 (KHTML, like Gecko) Chrome/69.0.3497.100 Safari/537.36"
::1 - - [11/Oct/2018:23:19:09 +0000] "GET /game.js HTTP/1.1" 404 146 "http://localhost:8081/indextictactoe" "Mozilla/5.0 (Windows NT 10.0; Win64; x64) AppleWebKit/537.36 (KHTML, like Gecko) Chrome/69.0.3497.100 Safari/537.36"
::1 - - [11/Oct/2018:23:19:09 +0000] "GET /srujana.css HTTP/1.1" 404 150 "http://localhost:8081/indextictactoe" "Mozilla/5.0 (Windows NT 10.0; Win64; x64) AppleWebKit/537.36 (KHTML, like Gecko) Chrome/69.0.3497.100 Safari/537.36"
::1 - - [11/Oct/2018:23:19:09 +0000] "GET /game.js HTTP/1.1" 404 146 "http://localhost:8081/indextictactoe" "Mozilla/5.0 (Windows NT 10.0; Win64; x64) AppleWebKit/537.36 (KHTML, like Gecko) Chrome/69.0.3497.100 Safari/537.36"
::1 - - [11/Oct/2018:23:19:14 +0000] "GET /index HTTP/1.1" 304 - "http://localhost:8081/indextictactoe" "Mozilla/5.0 (Windows NT 10.0; Win64; x64) AppleWebKit/537.36 (KHTML, like Gecko) Chrome/69.0.3497.100 Safari/537.36"
::1 - - [11/Oct/2018:23:19:14 +0000] "GET /srujana.css HTTP/1.1" 404 150 "http://localhost:8081/index" "Mozilla/5.0 (Windows NT 10.0; Win64; x64) AppleWebKit/537.36 (KHTML, like Gecko) Chrome/69.0.3497.100 Safari/537.36"
::1 - - [11/Oct/2018:23:19:14 +0000] "GET /srujana.css HTTP/1.1" 404 150 "http://localhost:8081/index" "Mozilla/5.0 (Windows NT 10.0; Win64; x64) AppleWebKit/537.36 (KHTML, like Gecko) Chrome/69.0.3497.100 Safari/537.36"
::1 - - [11/Oct/2018:23:19:16 +0000] "GET /indextictactoe HTTP/1.1" 304 - "http://localhost:8081/index" "Mozilla/5.0 (Windows NT 10.0; Win64; x64) AppleWebKit/537.36 (KHTML, like Gecko) Chrome/69.0.3497.100 Safari/537.36"
::1 - - [11/Oct/2018:23:19:16 +0000] "GET /srujana.css HTTP/1.1" 404 150 "http://localhost:8081/indextictactoe" "Mozilla/5.0 (Windows NT 10.0; Win64; x64) AppleWebKit/537.36 (KHTML, like Gecko) Chrome/69.0.3497.100 Safari/537.36"
::1 - - [11/Oct/2018:23:19:16 +0000] "GET /game.js HTTP/1.1" 404 146 "http://localhost:8081/indextictactoe" "Mozilla/5.0 (Windows NT 10.0; Win64; x64) AppleWebKit/537.36 (KHTML, like Gecko) Chrome/69.0.3497.100 Safari/537.36"
::1 - - [11/Oct/2018:23:19:16 +0000] "GET /srujana.css HTTP/1.1" 404 150 "http://localhost:8081/indextictactoe" "Mozilla/5.0 (Windows NT 10.0; Win64; x64) AppleWebKit/537.36 (KHTML, like Gecko) Chrome/69.0.3497.100 Safari/537.36"
::1 - - [11/Oct/2018:23:19:16 +0000] "GET /game.js HTTP/1.1" 404 146 "http://localhost:8081/indextictactoe" "Mozilla/5.0 (Windows NT 10.0; Win64; x64) AppleWebKit/537.36 (KHTML, like Gecko) Chrome/69.0.3497.100 Safari/537.36"
::1 - - [11/Oct/2018:23:19:18 +0000] "GET /Contact HTTP/1.1" 304 - "http://localhost:8081/indextictactoe" "Mozilla/5.0 (Windows NT 10.0; Win64; x64) AppleWebKit/537.36 (KHTML, like Gecko) Chrome/69.0.3497.100 Safari/537.36"
::1 - - [11/Oct/2018:23:19:18 +0000] "GET /srujana.css HTTP/1.1" 404 150 "http://localhost:8081/Contact" "Mozilla/5.0 (Windows NT 10.0; Win64; x64) AppleWebKit/537.36 (KHTML, like Gecko) Chrome/69.0.3497.100 Safari/537.36"
::1 - - [11/Oct/2018:23:19:18 +0000] "GET /srujana.css HTTP/1.1" 404 150 "http://localhost:8081/Contact" "Mozilla/5.0 (Windows NT 10.0; Win64; x64) AppleWebKit/537.36 (KHTML, like Gecko) Chrome/69.0.3497.100 Safari/537.36"
::1 - - [11/Oct/2018:23:19:21 +0000] "GET /indextictactoe HTTP/1.1" 304 - "http://localhost:8081/Contact" "Mozilla/5.0 (Windows NT 10.0; Win64; x64) AppleWebKit/537.36 (KHTML, like Gecko) Chrome/69.0.3497.100 Safari/537.36"
::1 - - [11/Oct/2018:23:19:21 +0000] "GET /srujana.css HTTP/1.1" 404 150 "http://localhost:8081/indextictactoe" "Mozilla/5.0 (Windows NT 10.0; Win64; x64) AppleWebKit/537.36 (KHTML, like Gecko) Chrome/69.0.3497.100 Safari/537.36"
::1 - - [11/Oct/2018:23:19:21 +0000] "GET /game.js HTTP/1.1" 404 146 "http://localhost:8081/indextictactoe" "Mozilla/5.0 (Windows NT 10.0; Win64; x64) AppleWebKit/537.36 (KHTML, like Gecko) Chrome/69.0.3497.100 Safari/537.36"
::1 - - [11/Oct/2018:23:19:21 +0000] "GET /srujana.css HTTP/1.1" 404 150 "http://localhost:8081/indextictactoe" "Mozilla/5.0 (Windows NT 10.0; Win64; x64) AppleWebKit/537.36 (KHTML, like Gecko) Chrome/69.0.3497.100 Safari/537.36"
::1 - - [11/Oct/2018:23:19:21 +0000] "GET /game.js HTTP/1.1" 404 146 "http://localhost:8081/indextictactoe" "Mozilla/5.0 (Windows NT 10.0; Win64; x64) AppleWebKit/537.36 (KHTML, like Gecko) Chrome/69.0.3497.100 Safari/537.36"
::1 - - [11/Oct/2018:23:21:37 +0000] "GET / HTTP/1.1" 200 5076 "-" "Mozilla/5.0 (Windows NT 10.0; Win64; x64) AppleWebKit/537.36 (KHTML, like Gecko) Chrome/69.0.3497.100 Safari/537.36"
::1 - - [11/Oct/2018:23:21:37 +0000] "GET /css/paper001.jpg HTTP/1.1" 404 155 "http://localhost:8081/css/srujana.css" "Mozilla/5.0 (Windows NT 10.0; Win64; x64) AppleWebKit/537.36 (KHTML, like Gecko) Chrome/69.0.3497.100 Safari/537.36"
::1 - - [11/Oct/2018:23:30:15 +0000] "GET / HTTP/1.1" 304 - "-" "Mozilla/5.0 (Windows NT 10.0; Win64; x64) AppleWebKit/537.36 (KHTML, like Gecko) Chrome/69.0.3497.100 Safari/537.36"
::1 - - [11/Oct/2018:23:30:15 +0000] "GET /profilepicture.jpg HTTP/1.1" 404 157 "http://localhost:8081/" "Mozilla/5.0 (Windows NT 10.0; Win64; x64) AppleWebKit/537.36 (KHTML, like Gecko) Chrome/69.0.3497.100 Safari/537.36"
::1 - - [11/Oct/2018:23:30:16 +0000] "GET /TheBestMotivation.mp4 HTTP/1.1" 404 160 "http://localhost:8081/" "Mozilla/5.0 (Windows NT 10.0; Win64; x64) AppleWebKit/537.36 (KHTML, like Gecko) Chrome/69.0.3497.100 Safari/537.36"
::1 - - [11/Oct/2018:23:30:24 +0000] "GET /indextictactoe HTTP/1.1" 200 3807 "http://localhost:8081/" "Mozilla/5.0 (Windows NT 10.0; Win64; x64) AppleWebKit/537.36 (KHTML, like Gecko) Chrome/69.0.3497.100 Safari/537.36"
::1 - - [11/Oct/2018:23:30:31 +0000] "GET /indextictactoe HTTP/1.1" 304 - "http://localhost:8081/indextictactoe" "Mozilla/5.0 (Windows NT 10.0; Win64; x64) AppleWebKit/537.36 (KHTML, like Gecko) Chrome/69.0.3497.100 Safari/537.36"
::1 - - [11/Oct/2018:23:30:40 +0000] "GET /Contact HTTP/1.1" 200 4247 "http://localhost:8081/indextictactoe" "Mozilla/5.0 (Windows NT 10.0; Win64; x64) AppleWebKit/537.36 (KHTML, like Gecko) Chrome/69.0.3497.100 Safari/537.36"
::1 - - [11/Oct/2018:23:31:46 +0000] "GET /indextictactoe HTTP/1.1" 304 - "http://localhost:8081/Contact" "Mozilla/5.0 (Windows NT 10.0; Win64; x64) AppleWebKit/537.36 (KHTML, like Gecko) Chrome/69.0.3497.100 Safari/537.36"
::1 - - [11/Oct/2018:23:31:49 +0000] "GET /index HTTP/1.1" 200 5076 "http://localhost:8081/indextictactoe" "Mozilla/5.0 (Windows NT 10.0; Win64; x64) AppleWebKit/537.36 (KHTML, like Gecko) Chrome/69.0.3497.100 Safari/537.36"
::1 - - [11/Oct/2018:23:31:49 +0000] "GET /profilepicture.jpg HTTP/1.1" 404 157 "http://localhost:8081/index" "Mozilla/5.0 (Windows NT 10.0; Win64; x64) AppleWebKit/537.36 (KHTML, like Gecko) Chrome/69.0.3497.100 Safari/537.36"
::1 - - [11/Oct/2018:23:31:49 +0000] "GET /TheBestMotivation.mp4 HTTP/1.1" 404 160 "http://localhost:8081/index" "Mozilla/5.0 (Windows NT 10.0; Win64; x64) AppleWebKit/537.36 (KHTML, like Gecko) Chrome/69.0.3497.100 Safari/537.36"
::1 - - [11/Oct/2018:23:32:05 +0000] "GET /indextictactoe HTTP/1.1" 304 - "http://localhost:8081/index" "Mozilla/5.0 (Windows NT 10.0; Win64; x64) AppleWebKit/537.36 (KHTML, like Gecko) Chrome/69.0.3497.100 Safari/537.36"
::1 - - [11/Oct/2018:23:33:25 +0000] "GET / HTTP/1.1" 304 - "-" "Mozilla/5.0 (Windows NT 10.0; Win64; x64) AppleWebKit/537.36 (KHTML, like Gecko) Chrome/69.0.3497.100 Safari/537.36"
::1 - - [11/Oct/2018:23:33:25 +0000] "GET /profilepicture.jpg HTTP/1.1" 404 157 "http://localhost:8081/" "Mozilla/5.0 (Windows NT 10.0; Win64; x64) AppleWebKit/537.36 (KHTML, like Gecko) Chrome/69.0.3497.100 Safari/537.36"
::1 - - [11/Oct/2018:23:33:26 +0000] "GET /TheBestMotivation.mp4 HTTP/1.1" 404 160 "http://localhost:8081/" "Mozilla/5.0 (Windows NT 10.0; Win64; x64) AppleWebKit/537.36 (KHTML, like Gecko) Chrome/69.0.3497.100 Safari/537.36"
::1 - - [11/Oct/2018:23:33:28 +0000] "GET /indextictactoe HTTP/1.1" 200 3519 "http://localhost:8081/" "Mozilla/5.0 (Windows NT 10.0; Win64; x64) AppleWebKit/537.36 (KHTML, like Gecko) Chrome/69.0.3497.100 Safari/537.36"
::1 - - [11/Oct/2018:23:33:38 +0000] "GET /Contact HTTP/1.1" 304 - "http://localhost:8081/indextictactoe" "Mozilla/5.0 (Windows NT 10.0; Win64; x64) AppleWebKit/537.36 (KHTML, like Gecko) Chrome/69.0.3497.100 Safari/537.36"
::1 - - [11/Oct/2018:23:33:46 +0000] "GET /indextictactoe HTTP/1.1" 304 - "http://localhost:8081/Contact" "Mozilla/5.0 (Windows NT 10.0; Win64; x64) AppleWebKit/537.36 (KHTML, like Gecko) Chrome/69.0.3497.100 Safari/537.36"
::1 - - [11/Oct/2018:23:34:12 +0000] "GET /index HTTP/1.1" 304 - "http://localhost:8081/indextictactoe" "Mozilla/5.0 (Windows NT 10.0; Win64; x64) AppleWebKit/537.36 (KHTML, like Gecko) Chrome/69.0.3497.100 Safari/537.36"
::1 - - [11/Oct/2018:23:34:12 +0000] "GET /profilepicture.jpg HTTP/1.1" 404 157 "http://localhost:8081/index" "Mozilla/5.0 (Windows NT 10.0; Win64; x64) AppleWebKit/537.36 (KHTML, like Gecko) Chrome/69.0.3497.100 Safari/537.36"
::1 - - [11/Oct/2018:23:34:12 +0000] "GET /TheBestMotivation.mp4 HTTP/1.1" 404 160 "http://localhost:8081/index" "Mozilla/5.0 (Windows NT 10.0; Win64; x64) AppleWebKit/537.36 (KHTML, like Gecko) Chrome/69.0.3497.100 Safari/537.36"
::1 - - [11/Oct/2018:23:34:13 +0000] "GET /indextictactoe HTTP/1.1" 304 - "http://localhost:8081/index" "Mozilla/5.0 (Windows NT 10.0; Win64; x64) AppleWebKit/537.36 (KHTML, like Gecko) Chrome/69.0.3497.100 Safari/537.36"
::1 - - [11/Oct/2018:23:34:15 +0000] "GET /Contact HTTP/1.1" 304 - "http://localhost:8081/indextictactoe" "Mozilla/5.0 (Windows NT 10.0; Win64; x64) AppleWebKit/537.36 (KHTML, like Gecko) Chrome/69.0.3497.100 Safari/537.36"
::1 - - [11/Oct/2018:23:34:16 +0000] "GET /indextictactoe HTTP/1.1" 304 - "http://localhost:8081/Contact" "Mozilla/5.0 (Windows NT 10.0; Win64; x64) AppleWebKit/537.36 (KHTML, like Gecko) Chrome/69.0.3497.100 Safari/537.36"
::1 - - [11/Oct/2018:23:36:20 +0000] "GET / HTTP/1.1" 304 - "-" "Mozilla/5.0 (Windows NT 10.0; Win64; x64) AppleWebKit/537.36 (KHTML, like Gecko) Chrome/69.0.3497.100 Safari/537.36"
::1 - - [11/Oct/2018:23:36:20 +0000] "GET /profilepicture.jpg HTTP/1.1" 404 157 "http://localhost:8081/" "Mozilla/5.0 (Windows NT 10.0; Win64; x64) AppleWebKit/537.36 (KHTML, like Gecko) Chrome/69.0.3497.100 Safari/537.36"
::1 - - [11/Oct/2018:23:36:20 +0000] "GET /TheBestMotivation.mp4 HTTP/1.1" 404 160 "http://localhost:8081/" "Mozilla/5.0 (Windows NT 10.0; Win64; x64) AppleWebKit/537.36 (KHTML, like Gecko) Chrome/69.0.3497.100 Safari/537.36"
::1 - - [11/Oct/2018:23:36:22 +0000] "GET /indextictactoe HTTP/1.1" 200 3508 "http://localhost:8081/" "Mozilla/5.0 (Windows NT 10.0; Win64; x64) AppleWebKit/537.36 (KHTML, like Gecko) Chrome/69.0.3497.100 Safari/537.36"
::1 - - [11/Oct/2018:23:36:43 +0000] "GET /Contact HTTP/1.1" 304 - "http://localhost:8081/indextictactoe" "Mozilla/5.0 (Windows NT 10.0; Win64; x64) AppleWebKit/537.36 (KHTML, like Gecko) Chrome/69.0.3497.100 Safari/537.36"
::1 - - [11/Oct/2018:23:36:45 +0000] "GET /indextictactoe HTTP/1.1" 304 - "http://localhost:8081/Contact" "Mozilla/5.0 (Windows NT 10.0; Win64; x64) AppleWebKit/537.36 (KHTML, like Gecko) Chrome/69.0.3497.100 Safari/537.36"
::1 - - [11/Oct/2018:23:36:46 +0000] "GET /index HTTP/1.1" 304 - "http://localhost:8081/indextictactoe" "Mozilla/5.0 (Windows NT 10.0; Win64; x64) AppleWebKit/537.36 (KHTML, like Gecko) Chrome/69.0.3497.100 Safari/537.36"
::1 - - [11/Oct/2018:23:36:46 +0000] "GET /profilepicture.jpg HTTP/1.1" 404 157 "http://localhost:8081/index" "Mozilla/5.0 (Windows NT 10.0; Win64; x64) AppleWebKit/537.36 (KHTML, like Gecko) Chrome/69.0.3497.100 Safari/537.36"
::1 - - [11/Oct/2018:23:36:46 +0000] "GET /TheBestMotivation.mp4 HTTP/1.1" 404 160 "http://localhost:8081/index" "Mozilla/5.0 (Windows NT 10.0; Win64; x64) AppleWebKit/537.36 (KHTML, like Gecko) Chrome/69.0.3497.100 Safari/537.36"
::1 - - [11/Oct/2018:23:43:07 +0000] "GET /Contact HTTP/1.1" 304 - "http://localhost:8081/index" "Mozilla/5.0 (Windows NT 10.0; Win64; x64) AppleWebKit/537.36 (KHTML, like Gecko) Chrome/69.0.3497.100 Safari/537.36"
::1 - - [11/Oct/2018:23:45:34 +0000] "GET /index HTTP/1.1" 200 5081 "http://localhost:8081/Contact" "Mozilla/5.0 (Windows NT 10.0; Win64; x64) AppleWebKit/537.36 (KHTML, like Gecko) Chrome/69.0.3497.100 Safari/537.36"
::1 - - [11/Oct/2018:23:45:34 +0000] "GET /TheBestMotivation.mp4 HTTP/1.1" 404 160 "http://localhost:8081/index" "Mozilla/5.0 (Windows NT 10.0; Win64; x64) AppleWebKit/537.36 (KHTML, like Gecko) Chrome/69.0.3497.100 Safari/537.36"
::1 - - [11/Oct/2018:23:47:32 +0000] "GET / HTTP/1.1" 304 - "-" "Mozilla/5.0 (Windows NT 10.0; Win64; x64) AppleWebKit/537.36 (KHTML, like Gecko) Chrome/69.0.3497.100 Safari/537.36"
::1 - - [11/Oct/2018:23:47:32 +0000] "GET /profilepicture.jpg HTTP/1.1" 404 157 "http://localhost:8081/" "Mozilla/5.0 (Windows NT 10.0; Win64; x64) AppleWebKit/537.36 (KHTML, like Gecko) Chrome/69.0.3497.100 Safari/537.36"
::1 - - [11/Oct/2018:23:47:33 +0000] "GET /TheBestMotivation.mp4 HTTP/1.1" 404 160 "http://localhost:8081/" "Mozilla/5.0 (Windows NT 10.0; Win64; x64) AppleWebKit/537.36 (KHTML, like Gecko) Chrome/69.0.3497.100 Safari/537.36"
::1 - - [11/Oct/2018:23:47:38 +0000] "GET /indextictactoe HTTP/1.1" 304 - "http://localhost:8081/" "Mozilla/5.0 (Windows NT 10.0; Win64; x64) AppleWebKit/537.36 (KHTML, like Gecko) Chrome/69.0.3497.100 Safari/537.36"
::1 - - [11/Oct/2018:23:47:39 +0000] "GET /Contact HTTP/1.1" 304 - "http://localhost:8081/indextictactoe" "Mozilla/5.0 (Windows NT 10.0; Win64; x64) AppleWebKit/537.36 (KHTML, like Gecko) Chrome/69.0.3497.100 Safari/537.36"
::1 - - [11/Oct/2018:23:47:45 +0000] "GET /Contact?inputname=&inputemail=&inputcomment= HTTP/1.1" 200 4247 "http://localhost:8081/Contact" "Mozilla/5.0 (Windows NT 10.0; Win64; x64) AppleWebKit/537.36 (KHTML, like Gecko) Chrome/69.0.3497.100 Safari/537.36"
::1 - - [11/Oct/2018:23:47:46 +0000] "GET /Contact?inputname=&inputemail=&inputcomment= HTTP/1.1" 304 - "http://localhost:8081/Contact?inputname=&inputemail=&inputcomment=" "Mozilla/5.0 (Windows NT 10.0; Win64; x64) AppleWebKit/537.36 (KHTML, like Gecko) Chrome/69.0.3497.100 Safari/537.36"
::1 - - [11/Oct/2018:23:47:47 +0000] "GET /Contact?inputname=&inputemail=&inputcomment= HTTP/1.1" 304 - "http://localhost:8081/Contact?inputname=&inputemail=&inputcomment=" "Mozilla/5.0 (Windows NT 10.0; Win64; x64) AppleWebKit/537.36 (KHTML, like Gecko) Chrome/69.0.3497.100 Safari/537.36"
::1 - - [11/Oct/2018:23:47:48 +0000] "GET /Contact?inputname=&inputemail=&inputcomment= HTTP/1.1" 304 - "http://localhost:8081/Contact?inputname=&inputemail=&inputcomment=" "Mozilla/5.0 (Windows NT 10.0; Win64; x64) AppleWebKit/537.36 (KHTML, like Gecko) Chrome/69.0.3497.100 Safari/537.36"
::1 - - [11/Oct/2018:23:47:49 +0000] "GET /Contact?inputname=&inputemail=&inputcomment= HTTP/1.1" 304 - "http://localhost:8081/Contact?inputname=&inputemail=&inputcomment=" "Mozilla/5.0 (Windows NT 10.0; Win64; x64) AppleWebKit/537.36 (KHTML, like Gecko) Chrome/69.0.3497.100 Safari/537.36"
::1 - - [11/Oct/2018:23:48:53 +0000] "GET /index HTTP/1.1" 200 5076 "-" "Mozilla/5.0 (Windows NT 10.0; Win64; x64) AppleWebKit/537.36 (KHTML, like Gecko) Chrome/69.0.3497.100 Safari/537.36"
::1 - - [11/Oct/2018:23:48:53 +0000] "GET /profilepicture.jpg HTTP/1.1" 404 157 "http://localhost:8081/index" "Mozilla/5.0 (Windows NT 10.0; Win64; x64) AppleWebKit/537.36 (KHTML, like Gecko) Chrome/69.0.3497.100 Safari/537.36"
::1 - - [11/Oct/2018:23:48:53 +0000] "GET /TheBestMotivation.mp4 HTTP/1.1" 404 160 "http://localhost:8081/index" "Mozilla/5.0 (Windows NT 10.0; Win64; x64) AppleWebKit/537.36 (KHTML, like Gecko) Chrome/69.0.3497.100 Safari/537.36"
::1 - - [11/Oct/2018:23:49:01 +0000] "GET /indextictactoe HTTP/1.1" 304 - "http://localhost:8081/index" "Mozilla/5.0 (Windows NT 10.0; Win64; x64) AppleWebKit/537.36 (KHTML, like Gecko) Chrome/69.0.3497.100 Safari/537.36"
::1 - - [11/Oct/2018:23:49:04 +0000] "GET /Contact HTTP/1.1" 200 4292 "http://localhost:8081/indextictactoe" "Mozilla/5.0 (Windows NT 10.0; Win64; x64) AppleWebKit/537.36 (KHTML, like Gecko) Chrome/69.0.3497.100 Safari/537.36"
::1 - - [11/Oct/2018:23:49:08 +0000] "GET /indextictactoe HTTP/1.1" 304 - "http://localhost:8081/Contact" "Mozilla/5.0 (Windows NT 10.0; Win64; x64) AppleWebKit/537.36 (KHTML, like Gecko) Chrome/69.0.3497.100 Safari/537.36"
::1 - - [11/Oct/2018:23:49:10 +0000] "GET /index HTTP/1.1" 304 - "http://localhost:8081/indextictactoe" "Mozilla/5.0 (Windows NT 10.0; Win64; x64) AppleWebKit/537.36 (KHTML, like Gecko) Chrome/69.0.3497.100 Safari/537.36"
::1 - - [11/Oct/2018:23:49:10 +0000] "GET /profilepicture.jpg HTTP/1.1" 404 157 "http://localhost:8081/index" "Mozilla/5.0 (Windows NT 10.0; Win64; x64) AppleWebKit/537.36 (KHTML, like Gecko) Chrome/69.0.3497.100 Safari/537.36"
::1 - - [11/Oct/2018:23:49:10 +0000] "GET /TheBestMotivation.mp4 HTTP/1.1" 404 160 "http://localhost:8081/index" "Mozilla/5.0 (Windows NT 10.0; Win64; x64) AppleWebKit/537.36 (KHTML, like Gecko) Chrome/69.0.3497.100 Safari/537.36"
::1 - - [11/Oct/2018:23:49:11 +0000] "GET /indextictactoe HTTP/1.1" 304 - "http://localhost:8081/index" "Mozilla/5.0 (Windows NT 10.0; Win64; x64) AppleWebKit/537.36 (KHTML, like Gecko) Chrome/69.0.3497.100 Safari/537.36"
::1 - - [11/Oct/2018:23:49:14 +0000] "GET /Contact HTTP/1.1" 304 - "http://localhost:8081/indextictactoe" "Mozilla/5.0 (Windows NT 10.0; Win64; x64) AppleWebKit/537.36 (KHTML, like Gecko) Chrome/69.0.3497.100 Safari/537.36"
::1 - - [11/Oct/2018:23:49:15 +0000] "GET /index HTTP/1.1" 304 - "http://localhost:8081/Contact" "Mozilla/5.0 (Windows NT 10.0; Win64; x64) AppleWebKit/537.36 (KHTML, like Gecko) Chrome/69.0.3497.100 Safari/537.36"
::1 - - [11/Oct/2018:23:49:15 +0000] "GET /profilepicture.jpg HTTP/1.1" 404 157 "http://localhost:8081/index" "Mozilla/5.0 (Windows NT 10.0; Win64; x64) AppleWebKit/537.36 (KHTML, like Gecko) Chrome/69.0.3497.100 Safari/537.36"
::1 - - [11/Oct/2018:23:49:15 +0000] "GET /TheBestMotivation.mp4 HTTP/1.1" 404 160 "http://localhost:8081/index" "Mozilla/5.0 (Windows NT 10.0; Win64; x64) AppleWebKit/537.36 (KHTML, like Gecko) Chrome/69.0.3497.100 Safari/537.36"
::1 - - [11/Oct/2018:23:51:16 +0000] "GET / HTTP/1.1" 200 5084 "-" "Mozilla/5.0 (Windows NT 10.0; Win64; x64) AppleWebKit/537.36 (KHTML, like Gecko) Chrome/69.0.3497.100 Safari/537.36"
::1 - - [11/Oct/2018:23:51:19 +0000] "GET /indextictactoe HTTP/1.1" 304 - "http://localhost:8081/" "Mozilla/5.0 (Windows NT 10.0; Win64; x64) AppleWebKit/537.36 (KHTML, like Gecko) Chrome/69.0.3497.100 Safari/537.36"
::1 - - [11/Oct/2018:23:51:20 +0000] "GET /index HTTP/1.1" 200 5084 "http://localhost:8081/indextictactoe" "Mozilla/5.0 (Windows NT 10.0; Win64; x64) AppleWebKit/537.36 (KHTML, like Gecko) Chrome/69.0.3497.100 Safari/537.36"
::1 - - [11/Oct/2018:23:54:01 +0000] "GET / HTTP/1.1" 304 - "-" "Mozilla/5.0 (Windows NT 10.0; Win64; x64) AppleWebKit/537.36 (KHTML, like Gecko) Chrome/69.0.3497.100 Safari/537.36"
::1 - - [11/Oct/2018:23:54:13 +0000] "GET /Contact HTTP/1.1" 304 - "http://localhost:8081/" "Mozilla/5.0 (Windows NT 10.0; Win64; x64) AppleWebKit/537.36 (KHTML, like Gecko) Chrome/69.0.3497.100 Safari/537.36"
::1 - - [11/Oct/2018:23:54:17 +0000] "GET /index HTTP/1.1" 304 - "http://localhost:8081/Contact" "Mozilla/5.0 (Windows NT 10.0; Win64; x64) AppleWebKit/537.36 (KHTML, like Gecko) Chrome/69.0.3497.100 Safari/537.36"
::1 - - [11/Oct/2018:23:54:19 +0000] "GET /indextictactoe HTTP/1.1" 304 - "http://localhost:8081/index" "Mozilla/5.0 (Windows NT 10.0; Win64; x64) AppleWebKit/537.36 (KHTML, like Gecko) Chrome/69.0.3497.100 Safari/537.36"
::1 - - [11/Oct/2018:23:54:21 +0000] "GET /index HTTP/1.1" 304 - "http://localhost:8081/indextictactoe" "Mozilla/5.0 (Windows NT 10.0; Win64; x64) AppleWebKit/537.36 (KHTML, like Gecko) Chrome/69.0.3497.100 Safari/537.36"
::1 - - [11/Oct/2018:23:54:31 +0000] "GET /indextictactoe HTTP/1.1" 304 - "http://localhost:8081/index" "Mozilla/5.0 (Windows NT 10.0; Win64; x64) AppleWebKit/537.36 (KHTML, like Gecko) Chrome/69.0.3497.100 Safari/537.36"
::1 - - [11/Oct/2018:23:55:43 +0000] "GET / HTTP/1.1" 200 5076 "-" "Mozilla/5.0 (Windows NT 10.0; Win64; x64) AppleWebKit/537.36 (KHTML, like Gecko) Chrome/69.0.3497.100 Safari/537.36"
::1 - - [11/Oct/2018:23:55:47 +0000] "GET /indextictactoe HTTP/1.1" 200 3500 "http://localhost:8081/" "Mozilla/5.0 (Windows NT 10.0; Win64; x64) AppleWebKit/537.36 (KHTML, like Gecko) Chrome/69.0.3497.100 Safari/537.36"
::1 - - [11/Oct/2018:23:55:53 +0000] "GET /Contact HTTP/1.1" 200 4284 "http://localhost:8081/indextictactoe" "Mozilla/5.0 (Windows NT 10.0; Win64; x64) AppleWebKit/537.36 (KHTML, like Gecko) Chrome/69.0.3497.100 Safari/537.36"
::1 - - [11/Oct/2018:23:57:27 +0000] "GET / HTTP/1.1" 200 5084 "-" "Mozilla/5.0 (Windows NT 10.0; Win64; x64) AppleWebKit/537.36 (KHTML, like Gecko) Chrome/69.0.3497.100 Safari/537.36"
::1 - - [11/Oct/2018:23:57:32 +0000] "GET /indextictactoe HTTP/1.1" 200 3496 "http://localhost:8081/" "Mozilla/5.0 (Windows NT 10.0; Win64; x64) AppleWebKit/537.36 (KHTML, like Gecko) Chrome/69.0.3497.100 Safari/537.36"
::1 - - [11/Oct/2018:23:57:33 +0000] "GET /Contact HTTP/1.1" 200 4290 "http://localhost:8081/indextictactoe" "Mozilla/5.0 (Windows NT 10.0; Win64; x64) AppleWebKit/537.36 (KHTML, like Gecko) Chrome/69.0.3497.100 Safari/537.36"
::1 - - [12/Oct/2018:00:02:45 +0000] "GET / HTTP/1.1" 200 5088 "-" "Mozilla/5.0 (Windows NT 10.0; Win64; x64) AppleWebKit/537.36 (KHTML, like Gecko) Chrome/69.0.3497.100 Safari/537.36"
::1 - - [12/Oct/2018:00:02:47 +0000] "GET /Contact HTTP/1.1" 200 4294 "http://localhost:8081/" "Mozilla/5.0 (Windows NT 10.0; Win64; x64) AppleWebKit/537.36 (KHTML, like Gecko) Chrome/69.0.3497.100 Safari/537.36"
::1 - - [12/Oct/2018:00:03:33 +0000] "GET /Contact?inputname=SrujanaGattu&inputemail=dristi676078%40gmail.com&inputcomment=ssss HTTP/1.1" 200 4294 "http://localhost:8081/Contact" "Mozilla/5.0 (Windows NT 10.0; Win64; x64) AppleWebKit/537.36 (KHTML, like Gecko) Chrome/69.0.3497.100 Safari/537.36"
::1 - - [12/Oct/2018:00:08:53 +0000] "GET /indextictactoe HTTP/1.1" 304 - "http://localhost:8081/Contact?inputname=SrujanaGattu&inputemail=dristi676078%40gmail.com&inputcomment=ssss" "Mozilla/5.0 (Windows NT 10.0; Win64; x64) AppleWebKit/537.36 (KHTML, like Gecko) Chrome/69.0.3497.100 Safari/537.36"
::1 - - [12/Oct/2018:00:09:12 +0000] "GET /index HTTP/1.1" 200 5088 "http://localhost:8081/indextictactoe" "Mozilla/5.0 (Windows NT 10.0; Win64; x64) AppleWebKit/537.36 (KHTML, like Gecko) Chrome/69.0.3497.100 Safari/537.36"
::1 - - [12/Oct/2018:00:10:19 +0000] "GET /indextictactoe HTTP/1.1" 304 - "http://localhost:8081/index" "Mozilla/5.0 (Windows NT 10.0; Win64; x64) AppleWebKit/537.36 (KHTML, like Gecko) Chrome/69.0.3497.100 Safari/537.36"
::1 - - [12/Oct/2018:00:15:15 +0000] "GET /index HTTP/1.1" 304 - "http://localhost:8081/indextictactoe" "Mozilla/5.0 (Windows NT 10.0; Win64; x64) AppleWebKit/537.36 (KHTML, like Gecko) Chrome/69.0.3497.100 Safari/537.36"
::1 - - [27/Oct/2018:22:49:54 +0000] "GET / HTTP/1.1" 200 5088 "-" "Mozilla/5.0 (Windows NT 10.0; Win64; x64) AppleWebKit/537.36 (KHTML, like Gecko) Chrome/69.0.3497.100 Safari/537.36"
::1 - - [27/Oct/2018:22:49:55 +0000] "GET /favicon.ico HTTP/1.1" 404 150 "http://localhost:8081/" "Mozilla/5.0 (Windows NT 10.0; Win64; x64) AppleWebKit/537.36 (KHTML, like Gecko) Chrome/69.0.3497.100 Safari/537.36"
::1 - - [27/Oct/2018:22:49:59 +0000] "GET /Contact HTTP/1.1" 200 4294 "http://localhost:8081/" "Mozilla/5.0 (Windows NT 10.0; Win64; x64) AppleWebKit/537.36 (KHTML, like Gecko) Chrome/69.0.3497.100 Safari/537.36"
::1 - - [27/Oct/2018:22:50:00 +0000] "GET /indextictactoe HTTP/1.1" 200 3496 "http://localhost:8081/Contact" "Mozilla/5.0 (Windows NT 10.0; Win64; x64) AppleWebKit/537.36 (KHTML, like Gecko) Chrome/69.0.3497.100 Safari/537.36"
::1 - - [27/Oct/2018:22:50:01 +0000] "GET /index HTTP/1.1" 200 5088 "http://localhost:8081/indextictactoe" "Mozilla/5.0 (Windows NT 10.0; Win64; x64) AppleWebKit/537.36 (KHTML, like Gecko) Chrome/69.0.3497.100 Safari/537.36"
::1 - - [28/Oct/2018:22:38:01 +0000] "GET / HTTP/1.1" 304 - "-" "Mozilla/5.0 (Windows NT 10.0; Win64; x64) AppleWebKit/537.36 (KHTML, like Gecko) Chrome/69.0.3497.100 Safari/537.36"
::1 - - [28/Oct/2018:22:38:04 +0000] "GET /Contact HTTP/1.1" 200 5154 "http://localhost:8081/" "Mozilla/5.0 (Windows NT 10.0; Win64; x64) AppleWebKit/537.36 (KHTML, like Gecko) Chrome/69.0.3497.100 Safari/537.36"
::1 - - [28/Oct/2018:22:38:26 +0000] "GET /indextictactoe HTTP/1.1" 304 - "http://localhost:8081/Contact" "Mozilla/5.0 (Windows NT 10.0; Win64; x64) AppleWebKit/537.36 (KHTML, like Gecko) Chrome/69.0.3497.100 Safari/537.36"
::1 - - [28/Oct/2018:22:38:28 +0000] "GET /index HTTP/1.1" 304 - "http://localhost:8081/indextictactoe" "Mozilla/5.0 (Windows NT 10.0; Win64; x64) AppleWebKit/537.36 (KHTML, like Gecko) Chrome/69.0.3497.100 Safari/537.36"
::1 - - [28/Oct/2018:22:38:31 +0000] "GET /Contact HTTP/1.1" 304 - "http://localhost:8081/index" "Mozilla/5.0 (Windows NT 10.0; Win64; x64) AppleWebKit/537.36 (KHTML, like Gecko) Chrome/69.0.3497.100 Safari/537.36"
::1 - - [28/Oct/2018:22:40:18 +0000] "GET /Contact HTTP/1.1" 200 5179 "-" "Mozilla/5.0 (Windows NT 10.0; Win64; x64) AppleWebKit/537.36 (KHTML, like Gecko) Chrome/69.0.3497.100 Safari/537.36"
::1 - - [28/Oct/2018:22:42:42 +0000] "GET /Contact HTTP/1.1" 200 5144 "-" "Mozilla/5.0 (Windows NT 10.0; Win64; x64) AppleWebKit/537.36 (KHTML, like Gecko) Chrome/69.0.3497.100 Safari/537.36"
::1 - - [28/Oct/2018:22:46:21 +0000] "GET /Contact HTTP/1.1" 200 5346 "-" "Mozilla/5.0 (Windows NT 10.0; Win64; x64) AppleWebKit/537.36 (KHTML, like Gecko) Chrome/69.0.3497.100 Safari/537.36"
::1 - - [28/Oct/2018:22:48:26 +0000] "GET /Contact HTTP/1.1" 200 5411 "-" "Mozilla/5.0 (Windows NT 10.0; Win64; x64) AppleWebKit/537.36 (KHTML, like Gecko) Chrome/69.0.3497.100 Safari/537.36"
::1 - - [28/Oct/2018:22:50:13 +0000] "GET /Contact HTTP/1.1" 200 5420 "-" "Mozilla/5.0 (Windows NT 10.0; Win64; x64) AppleWebKit/537.36 (KHTML, like Gecko) Chrome/69.0.3497.100 Safari/537.36"
::1 - - [28/Oct/2018:22:51:21 +0000] "GET /Contact HTTP/1.1" 200 5420 "-" "Mozilla/5.0 (Windows NT 10.0; Win64; x64) AppleWebKit/537.36 (KHTML, like Gecko) Chrome/69.0.3497.100 Safari/537.36"
::1 - - [28/Oct/2018:22:54:52 +0000] "GET /Contact HTTP/1.1" 200 5429 "-" "Mozilla/5.0 (Windows NT 10.0; Win64; x64) AppleWebKit/537.36 (KHTML, like Gecko) Chrome/69.0.3497.100 Safari/537.36"
::1 - - [28/Oct/2018:22:56:28 +0000] "GET /Contact HTTP/1.1" 200 5430 "-" "Mozilla/5.0 (Windows NT 10.0; Win64; x64) AppleWebKit/537.36 (KHTML, like Gecko) Chrome/69.0.3497.100 Safari/537.36"
::1 - - [28/Oct/2018:22:57:36 +0000] "GET /Contact HTTP/1.1" 304 - "-" "Mozilla/5.0 (Windows NT 10.0; Win64; x64) AppleWebKit/537.36 (KHTML, like Gecko) Chrome/69.0.3497.100 Safari/537.36"
::1 - - [28/Oct/2018:22:58:10 +0000] "GET /Contact HTTP/1.1" 304 - "-" "Mozilla/5.0 (Windows NT 10.0; Win64; x64) AppleWebKit/537.36 (KHTML, like Gecko) Chrome/69.0.3497.100 Safari/537.36"
::1 - - [28/Oct/2018:23:01:38 +0000] "GET /Contact HTTP/1.1" 200 5438 "-" "Mozilla/5.0 (Windows NT 10.0; Win64; x64) AppleWebKit/537.36 (KHTML, like Gecko) Chrome/69.0.3497.100 Safari/537.36"
::1 - - [28/Oct/2018:23:06:51 +0000] "GET /Contact HTTP/1.1" 304 - "-" "Mozilla/5.0 (Windows NT 10.0; Win64; x64) AppleWebKit/537.36 (KHTML, like Gecko) Chrome/69.0.3497.100 Safari/537.36"
::1 - - [28/Oct/2018:23:08:11 +0000] "GET /Contact HTTP/1.1" 304 - "-" "Mozilla/5.0 (Windows NT 10.0; Win64; x64) AppleWebKit/537.36 (KHTML, like Gecko) Chrome/69.0.3497.100 Safari/537.36"
::1 - - [28/Oct/2018:23:08:41 +0000] "GET /Contact HTTP/1.1" 304 - "-" "Mozilla/5.0 (Windows NT 10.0; Win64; x64) AppleWebKit/537.36 (KHTML, like Gecko) Chrome/69.0.3497.100 Safari/537.36"
::1 - - [28/Oct/2018:23:10:37 +0000] "GET /Contact HTTP/1.1" 200 5438 "-" "Mozilla/5.0 (Windows NT 10.0; Win64; x64) AppleWebKit/537.36 (KHTML, like Gecko) Chrome/69.0.3497.100 Safari/537.36"
::1 - - [28/Oct/2018:23:14:19 +0000] "GET /Contact HTTP/1.1" 200 5491 "-" "Mozilla/5.0 (Windows NT 10.0; Win64; x64) AppleWebKit/537.36 (KHTML, like Gecko) Chrome/69.0.3497.100 Safari/537.36"
::1 - - [28/Oct/2018:23:16:13 +0000] "GET /Contact HTTP/1.1" 200 5549 "-" "Mozilla/5.0 (Windows NT 10.0; Win64; x64) AppleWebKit/537.36 (KHTML, like Gecko) Chrome/69.0.3497.100 Safari/537.36"
::1 - - [28/Oct/2018:23:18:20 +0000] "GET /Contact HTTP/1.1" 200 5605 "-" "Mozilla/5.0 (Windows NT 10.0; Win64; x64) AppleWebKit/537.36 (KHTML, like Gecko) Chrome/69.0.3497.100 Safari/537.36"
::1 - - [28/Oct/2018:23:26:50 +0000] "GET /Contact HTTP/1.1" 200 5773 "-" "Mozilla/5.0 (Windows NT 10.0; Win64; x64) AppleWebKit/537.36 (KHTML, like Gecko) Chrome/69.0.3497.100 Safari/537.36"
::1 - - [28/Oct/2018:23:32:36 +0000] "GET /Contact HTTP/1.1" 200 5779 "-" "Mozilla/5.0 (Windows NT 10.0; Win64; x64) AppleWebKit/537.36 (KHTML, like Gecko) Chrome/69.0.3497.100 Safari/537.36"
::1 - - [28/Oct/2018:23:34:57 +0000] "GET /Contact HTTP/1.1" 304 - "-" "Mozilla/5.0 (Windows NT 10.0; Win64; x64) AppleWebKit/537.36 (KHTML, like Gecko) Chrome/69.0.3497.100 Safari/537.36"
::1 - - [28/Oct/2018:23:37:50 +0000] "GET /Contact HTTP/1.1" 304 - "-" "Mozilla/5.0 (Windows NT 10.0; Win64; x64) AppleWebKit/537.36 (KHTML, like Gecko) Chrome/69.0.3497.100 Safari/537.36"
::1 - - [28/Oct/2018:23:40:53 +0000] "GET /Contact HTTP/1.1" 304 - "-" "Mozilla/5.0 (Windows NT 10.0; Win64; x64) AppleWebKit/537.36 (KHTML, like Gecko) Chrome/69.0.3497.100 Safari/537.36"
::1 - - [28/Oct/2018:23:42:47 +0000] "GET /Contact HTTP/1.1" 304 - "-" "Mozilla/5.0 (Windows NT 10.0; Win64; x64) AppleWebKit/537.36 (KHTML, like Gecko) Chrome/69.0.3497.100 Safari/537.36"
::1 - - [28/Oct/2018:23:44:06 +0000] "GET /Contact HTTP/1.1" 304 - "-" "Mozilla/5.0 (Windows NT 10.0; Win64; x64) AppleWebKit/537.36 (KHTML, like Gecko) Chrome/69.0.3497.100 Safari/537.36"
::1 - - [28/Oct/2018:23:45:08 +0000] "GET /Contact HTTP/1.1" 304 - "-" "Mozilla/5.0 (Windows NT 10.0; Win64; x64) AppleWebKit/537.36 (KHTML, like Gecko) Chrome/69.0.3497.100 Safari/537.36"
::1 - - [28/Oct/2018:23:45:55 +0000] "GET /Contact HTTP/1.1" 304 - "-" "Mozilla/5.0 (Windows NT 10.0; Win64; x64) AppleWebKit/537.36 (KHTML, like Gecko) Chrome/69.0.3497.100 Safari/537.36"
::1 - - [28/Oct/2018:23:50:29 +0000] "GET /Contact HTTP/1.1" 200 5815 "-" "Mozilla/5.0 (Windows NT 10.0; Win64; x64) AppleWebKit/537.36 (KHTML, like Gecko) Chrome/69.0.3497.100 Safari/537.36"
::1 - - [28/Oct/2018:23:51:10 +0000] "GET /Contact HTTP/1.1" 304 - "-" "Mozilla/5.0 (Windows NT 10.0; Win64; x64) AppleWebKit/537.36 (KHTML, like Gecko) Chrome/69.0.3497.100 Safari/537.36"
::1 - - [28/Oct/2018:23:51:13 +0000] "GET /indextictactoe HTTP/1.1" 200 3492 "http://localhost:8081/Contact" "Mozilla/5.0 (Windows NT 10.0; Win64; x64) AppleWebKit/537.36 (KHTML, like Gecko) Chrome/69.0.3497.100 Safari/537.36"
::1 - - [28/Oct/2018:23:51:13 +0000] "GET /index HTTP/1.1" 200 5084 "http://localhost:8081/indextictactoe" "Mozilla/5.0 (Windows NT 10.0; Win64; x64) AppleWebKit/537.36 (KHTML, like Gecko) Chrome/69.0.3497.100 Safari/537.36"
::1 - - [28/Oct/2018:23:51:15 +0000] "GET /indextictactoe HTTP/1.1" 304 - "http://localhost:8081/index" "Mozilla/5.0 (Windows NT 10.0; Win64; x64) AppleWebKit/537.36 (KHTML, like Gecko) Chrome/69.0.3497.100 Safari/537.36"
::1 - - [28/Oct/2018:23:51:17 +0000] "GET /Contact HTTP/1.1" 304 - "http://localhost:8081/indextictactoe" "Mozilla/5.0 (Windows NT 10.0; Win64; x64) AppleWebKit/537.36 (KHTML, like Gecko) Chrome/69.0.3497.100 Safari/537.36"
::1 - - [28/Oct/2018:23:51:41 +0000] "GET /Contact HTTP/1.1" 304 - "http://localhost:8081/Contact" "Mozilla/5.0 (Windows NT 10.0; Win64; x64) AppleWebKit/537.36 (KHTML, like Gecko) Chrome/69.0.3497.100 Safari/537.36"
::1 - - [28/Oct/2018:23:51:53 +0000] "GET /Contact HTTP/1.1" 304 - "-" "Mozilla/5.0 (Windows NT 10.0; Win64; x64) AppleWebKit/537.36 (KHTML, like Gecko) Chrome/69.0.3497.100 Safari/537.36"
::1 - - [28/Oct/2018:23:57:46 +0000] "GET /Contact HTTP/1.1" 200 5877 "-" "Mozilla/5.0 (Windows NT 10.0; Win64; x64) AppleWebKit/537.36 (KHTML, like Gecko) Chrome/69.0.3497.100 Safari/537.36"
::1 - - [28/Oct/2018:23:57:57 +0000] "GET /test/test.html HTTP/1.1" 404 153 "http://localhost:8081/Contact" "Mozilla/5.0 (Windows NT 10.0; Win64; x64) AppleWebKit/537.36 (KHTML, like Gecko) Chrome/69.0.3497.100 Safari/537.36"
::1 - - [29/Oct/2018:00:00:11 +0000] "GET /test/test.html HTTP/1.1" 404 153 "-" "Mozilla/5.0 (Windows NT 10.0; Win64; x64) AppleWebKit/537.36 (KHTML, like Gecko) Chrome/69.0.3497.100 Safari/537.36"
::1 - - [29/Oct/2018:00:00:24 +0000] "GET /Contact HTTP/1.1" 304 - "-" "Mozilla/5.0 (Windows NT 10.0; Win64; x64) AppleWebKit/537.36 (KHTML, like Gecko) Chrome/69.0.3497.100 Safari/537.36"
::1 - - [29/Oct/2018:00:00:27 +0000] "GET /test/test.html HTTP/1.1" 404 153 "http://localhost:8081/Contact" "Mozilla/5.0 (Windows NT 10.0; Win64; x64) AppleWebKit/537.36 (KHTML, like Gecko) Chrome/69.0.3497.100 Safari/537.36"
::1 - - [29/Oct/2018:00:00:29 +0000] "GET /test/test.html HTTP/1.1" 404 153 "http://localhost:8081/Contact" "Mozilla/5.0 (Windows NT 10.0; Win64; x64) AppleWebKit/537.36 (KHTML, like Gecko) Chrome/69.0.3497.100 Safari/537.36"
::1 - - [29/Oct/2018:00:01:01 +0000] "GET / HTTP/1.1" 200 5084 "-" "Mozilla/5.0 (Windows NT 10.0; Win64; x64) AppleWebKit/537.36 (KHTML, like Gecko) Chrome/69.0.3497.100 Safari/537.36"
::1 - - [29/Oct/2018:00:01:06 +0000] "GET /Contact HTTP/1.1" 200 5881 "http://localhost:8081/" "Mozilla/5.0 (Windows NT 10.0; Win64; x64) AppleWebKit/537.36 (KHTML, like Gecko) Chrome/69.0.3497.100 Safari/537.36"
::1 - - [29/Oct/2018:00:01:17 +0000] "GET /test/test.html HTTP/1.1" 404 153 "http://localhost:8081/Contact" "Mozilla/5.0 (Windows NT 10.0; Win64; x64) AppleWebKit/537.36 (KHTML, like Gecko) Chrome/69.0.3497.100 Safari/537.36"
::1 - - [29/Oct/2018:00:02:48 +0000] "GET / HTTP/1.1" 304 - "-" "Mozilla/5.0 (Windows NT 10.0; Win64; x64) AppleWebKit/537.36 (KHTML, like Gecko) Chrome/69.0.3497.100 Safari/537.36"
::1 - - [29/Oct/2018:00:02:50 +0000] "GET /Contact HTTP/1.1" 304 - "http://localhost:8081/" "Mozilla/5.0 (Windows NT 10.0; Win64; x64) AppleWebKit/537.36 (KHTML, like Gecko) Chrome/69.0.3497.100 Safari/537.36"
::1 - - [29/Oct/2018:00:02:53 +0000] "GET /calculation.js HTTP/1.1" 404 153 "http://localhost:8081/test/test.html" "Mozilla/5.0 (Windows NT 10.0; Win64; x64) AppleWebKit/537.36 (KHTML, like Gecko) Chrome/69.0.3497.100 Safari/537.36"
::1 - - [29/Oct/2018:00:02:54 +0000] "GET /calculation.js HTTP/1.1" 404 153 "http://localhost:8081/test/test.html" "Mozilla/5.0 (Windows NT 10.0; Win64; x64) AppleWebKit/537.36 (KHTML, like Gecko) Chrome/69.0.3497.100 Safari/537.36"
::1 - - [29/Oct/2018:00:03:17 +0000] "GET /calculation.js HTTP/1.1" 404 153 "http://localhost:8081/test/test.html" "Mozilla/5.0 (Windows NT 10.0; Win64; x64) AppleWebKit/537.36 (KHTML, like Gecko) Chrome/69.0.3497.100 Safari/537.36"
::1 - - [29/Oct/2018:00:03:18 +0000] "GET /calculation.js HTTP/1.1" 404 153 "http://localhost:8081/test/test.html" "Mozilla/5.0 (Windows NT 10.0; Win64; x64) AppleWebKit/537.36 (KHTML, like Gecko) Chrome/69.0.3497.100 Safari/537.36"
::1 - - [29/Oct/2018:00:05:24 +0000] "GET /Contact HTTP/1.1" 304 - "-" "Mozilla/5.0 (Windows NT 10.0; Win64; x64) AppleWebKit/537.36 (KHTML, like Gecko) Chrome/69.0.3497.100 Safari/537.36"
::1 - - [29/Oct/2018:00:05:33 +0000] "GET /calculation.js HTTP/1.1" 404 153 "http://localhost:8081/test/test.html" "Mozilla/5.0 (Windows NT 10.0; Win64; x64) AppleWebKit/537.36 (KHTML, like Gecko) Chrome/69.0.3497.100 Safari/537.36"
::1 - - [29/Oct/2018:00:05:33 +0000] "GET /calculation.js HTTP/1.1" 404 153 "http://localhost:8081/test/test.html" "Mozilla/5.0 (Windows NT 10.0; Win64; x64) AppleWebKit/537.36 (KHTML, like Gecko) Chrome/69.0.3497.100 Safari/537.36"
::1 - - [29/Oct/2018:00:08:41 +0000] "GET / HTTP/1.1" 304 - "-" "Mozilla/5.0 (Windows NT 10.0; Win64; x64) AppleWebKit/537.36 (KHTML, like Gecko) Chrome/69.0.3497.100 Safari/537.36"
::1 - - [29/Oct/2018:00:08:44 +0000] "GET /Contact HTTP/1.1" 304 - "http://localhost:8081/" "Mozilla/5.0 (Windows NT 10.0; Win64; x64) AppleWebKit/537.36 (KHTML, like Gecko) Chrome/69.0.3497.100 Safari/537.36"
::1 - - [29/Oct/2018:00:08:53 +0000] "GET /calculation.js HTTP/1.1" 404 153 "http://localhost:8081/test/test.html" "Mozilla/5.0 (Windows NT 10.0; Win64; x64) AppleWebKit/537.36 (KHTML, like Gecko) Chrome/69.0.3497.100 Safari/537.36"
::1 - - [29/Oct/2018:00:08:53 +0000] "GET /calculation.js HTTP/1.1" 404 153 "http://localhost:8081/test/test.html" "Mozilla/5.0 (Windows NT 10.0; Win64; x64) AppleWebKit/537.36 (KHTML, like Gecko) Chrome/69.0.3497.100 Safari/537.36"
::1 - - [29/Oct/2018:00:10:02 +0000] "GET /calculation.js HTTP/1.1" 404 153 "http://localhost:8081/test/test.html?testId=07bf65e2" "Mozilla/5.0 (Windows NT 10.0; Win64; x64) AppleWebKit/537.36 (KHTML, like Gecko) Chrome/69.0.3497.100 Safari/537.36"
::1 - - [29/Oct/2018:00:10:03 +0000] "GET /calculation.js HTTP/1.1" 404 153 "http://localhost:8081/test/test.html?testId=07bf65e2" "Mozilla/5.0 (Windows NT 10.0; Win64; x64) AppleWebKit/537.36 (KHTML, like Gecko) Chrome/69.0.3497.100 Safari/537.36"
::1 - - [29/Oct/2018:00:10:06 +0000] "GET /calculation.js HTTP/1.1" 404 153 "http://localhost:8081/test/test.html" "Mozilla/5.0 (Windows NT 10.0; Win64; x64) AppleWebKit/537.36 (KHTML, like Gecko) Chrome/69.0.3497.100 Safari/537.36"
::1 - - [29/Oct/2018:00:10:06 +0000] "GET /calculation.js HTTP/1.1" 404 153 "http://localhost:8081/test/test.html" "Mozilla/5.0 (Windows NT 10.0; Win64; x64) AppleWebKit/537.36 (KHTML, like Gecko) Chrome/69.0.3497.100 Safari/537.36"
::1 - - [29/Oct/2018:00:11:56 +0000] "GET /calculation.js HTTP/1.1" 404 153 "http://localhost:8081/test/test.html?testId=07bf65e2" "Mozilla/5.0 (Windows NT 10.0; Win64; x64) AppleWebKit/537.36 (KHTML, like Gecko) Chrome/69.0.3497.100 Safari/537.36"
::1 - - [29/Oct/2018:00:11:56 +0000] "GET /calculation.js HTTP/1.1" 404 153 "http://localhost:8081/test/test.html?testId=07bf65e2" "Mozilla/5.0 (Windows NT 10.0; Win64; x64) AppleWebKit/537.36 (KHTML, like Gecko) Chrome/69.0.3497.100 Safari/537.36"
::1 - - [29/Oct/2018:00:17:45 +0000] "GET /calculation.js HTTP/1.1" 404 153 "http://localhost:8081/test/test.html?testId=07bf65e2" "Mozilla/5.0 (Windows NT 10.0; Win64; x64) AppleWebKit/537.36 (KHTML, like Gecko) Chrome/69.0.3497.100 Safari/537.36"
::1 - - [29/Oct/2018:00:17:46 +0000] "GET /calculation.js HTTP/1.1" 404 153 "http://localhost:8081/test/test.html?testId=07bf65e2" "Mozilla/5.0 (Windows NT 10.0; Win64; x64) AppleWebKit/537.36 (KHTML, like Gecko) Chrome/69.0.3497.100 Safari/537.36"
::1 - - [29/Oct/2018:00:17:58 +0000] "GET /calculation.js HTTP/1.1" 404 153 "http://localhost:8081/test/test.html" "Mozilla/5.0 (Windows NT 10.0; Win64; x64) AppleWebKit/537.36 (KHTML, like Gecko) Chrome/69.0.3497.100 Safari/537.36"
::1 - - [29/Oct/2018:00:17:58 +0000] "GET /calculation.js HTTP/1.1" 404 153 "http://localhost:8081/test/test.html" "Mozilla/5.0 (Windows NT 10.0; Win64; x64) AppleWebKit/537.36 (KHTML, like Gecko) Chrome/69.0.3497.100 Safari/537.36"
::1 - - [29/Oct/2018:00:22:30 +0000] "GET /calculation.js HTTP/1.1" 404 153 "http://localhost:8081/test/test.html" "Mozilla/5.0 (Windows NT 10.0; Win64; x64) AppleWebKit/537.36 (KHTML, like Gecko) Chrome/69.0.3497.100 Safari/537.36"
::1 - - [29/Oct/2018:00:22:31 +0000] "GET /calculation.js HTTP/1.1" 404 153 "http://localhost:8081/test/test.html" "Mozilla/5.0 (Windows NT 10.0; Win64; x64) AppleWebKit/537.36 (KHTML, like Gecko) Chrome/69.0.3497.100 Safari/537.36"
::1 - - [29/Oct/2018:00:22:44 +0000] "GET /Contact?inputname=Gattu&inputemail=srujanareddy2.gattu%40gmail.com&inputcomment=ggrfg HTTP/1.1" 200 5881 "http://localhost:8081/Contact" "Mozilla/5.0 (Windows NT 10.0; Win64; x64) AppleWebKit/537.36 (KHTML, like Gecko) Chrome/69.0.3497.100 Safari/537.36"
::1 - - [29/Oct/2018:00:22:46 +0000] "GET /calculation.js HTTP/1.1" 404 153 "http://localhost:8081/test/test.html" "Mozilla/5.0 (Windows NT 10.0; Win64; x64) AppleWebKit/537.36 (KHTML, like Gecko) Chrome/69.0.3497.100 Safari/537.36"
::1 - - [29/Oct/2018:00:22:46 +0000] "GET /calculation.js HTTP/1.1" 404 153 "http://localhost:8081/test/test.html" "Mozilla/5.0 (Windows NT 10.0; Win64; x64) AppleWebKit/537.36 (KHTML, like Gecko) Chrome/69.0.3497.100 Safari/537.36"
::1 - - [29/Oct/2018:00:23:17 +0000] "GET /test/test/calculation.js HTTP/1.1" 404 163 "http://localhost:8081/test/test.html" "Mozilla/5.0 (Windows NT 10.0; Win64; x64) AppleWebKit/537.36 (KHTML, like Gecko) Chrome/69.0.3497.100 Safari/537.36"
::1 - - [29/Oct/2018:00:39:25 +0000] "GET /index HTTP/1.1" 304 - "http://localhost:8081/Contact?inputname=Gattu&inputemail=srujanareddy2.gattu%40gmail.com&inputcomment=ggrfg" "Mozilla/5.0 (Windows NT 10.0; Win64; x64) AppleWebKit/537.36 (KHTML, like Gecko) Chrome/69.0.3497.100 Safari/537.36"
